2021-11-27 18:35:26,401 Radius: 0.80 mm
2021-11-27 18:35:26,401 Tm: 20 (ms)
2021-11-27 18:35:26,401 Contact time: 2.21000 (ms)
2021-11-27 18:35:26,401 Maximum deflection: 0.20737 (mm)
2021-11-27 18:35:26,401 dt: 0.01 (ms)
2021-11-27 18:35:26,401 dr: 0.053 (mm)
2021-11-27 18:35:26,401 -----------------------------
2021-11-27 18:41:52,352 Radius: 0.80 mm
2021-11-27 18:41:52,353 Tm: 20 (ms)
2021-11-27 18:41:52,353 Contact time: 2.26500 (ms)
2021-11-27 18:41:52,353 Maximum deflection: 0.41357 (mm)
2021-11-27 18:41:52,353 dt: 0.005 (ms)
2021-11-27 18:41:52,353 dr: 0.053 (mm)
2021-11-27 18:41:52,353 -----------------------------
2021-12-26 12:07:04,151 Radius: 0.80 mm
2021-12-26 12:07:04,152 Tm: 20 (ms)
2021-12-26 12:07:04,152 Contact time: 2.34500 (ms)
2021-12-26 12:07:06,004 Maximum deflection: 0.21449 (mm)
2021-12-26 12:07:06,005 dt: 0.01 (ms)
2021-12-26 12:07:06,005 dr: 0.0318 (mm)
2021-12-26 12:07:06,005 -----------------------------
2021-12-30 18:38:09,122 Radius: 0.7950 mm
2021-12-30 18:38:09,123 Tm: 27 
2021-12-30 18:38:09,123 Contact time: 2.40750 (ms)
2021-12-30 18:38:09,123 Maximum deflection: 0.34070 (mm)
2021-12-30 18:38:09,123 Coefficient of restitution squared: 0.430
2021-12-30 18:38:09,123 dt: 0.02 (ms)
2021-12-30 18:38:09,124 dr: 0.0318 (mm)
2021-12-30 18:38:09,124 -----------------------------
